 cylinders, $displacement, $horsepower, $weight, $acceleration, model, origin, <mpg,      $_X,      $_Y,  #     notes
         4,            96,          69,    2189,            18,    72,      2,   26, 0.188737, 0.484534,            #
         4,           122,          86,    2395,            16,    72,      1,   22, 0.360974, 0.531930,            #
         8,           400,         175,    4464,     11.500000,    71,      1,   14, 0.734922, 0.472351,            #
         4,            97,          92,    2288,            17,    72,      3,   28, 0.280787, 0.572624,            #
         8,           351,         153,    4154,     13.500000,    71,      1,   14, 0.682107, 0.471139,            #
         4,           120,          97,    2506,     14.500000,    72,      3,   23, 0.314169, 0.575165,            #
         8,           318,         150,    4096,            13,    71,      1,   14, 0.671007, 0.473715,            #
         4,            98,          80,    2164,            15,    72,      1,   28, 0.348680, 0.545111,            #
         8,           383,         180,    4955,     11.500000,    71,      1,   12, 0.814403, 0.348860,            #
         4,            97,          88,    2100,     16.500000,    72,      3,   27, 0.275591, 0.576976,            #
         8,           400,         170,    4746,            12,    71,      1,   13, 0.736830, 0.473493,            #
         8,           350,         175,    4100,            13,    73,      1,   13, 0.765002, 0.350206,            #
         8,           400,         175,    5140,            12,    71,      1,   13, 0.752145, 0.477612,            #
         8,           304,         150,    3672,     11.500000,    73,      1,   14, 0.730014, 0.371750,            #
         6,           258,         110,    2962,     13.500000,    71,      1,   18, 0.520502, 0.569785,            #
         8,           350,         145,    3988,            13,    73,      1,   13, 0.741182, 0.360955,            #
         4,           140,          72,    2408,            19,    71,      1,   22, 0.338296, 0.527486,            #
         8,           351,         148,    4657,     13.500000,    75,      1,   14, 0.693906, 0.474449,            #
         8,           302,         137,    4042,     14.500000,    73,      1,   14, 0.712437, 0.368914,            #
         6,           250,         100,    3282,            15,    71,      1,   19, 0.511180, 0.566472,            #
         6,           231,         110,    3907,            21,    75,      1,   17, 0.492292, 0.567913,            #
         4,           114,          91,    2582,            14,    73,      2,   20, 0.313680, 0.457469,            #
         6,           250,          88,    3139,     14.500000,    71,      1,   18, 0.501896, 0.572566,            #
         6,           250,         105,    3897,     18.500000,    75,      1,   16, 0.510696, 0.562985,            #
         4,           121,         112,    2868,     15.500000,    73,      2,   19, 0.329225, 0.444445,            #
         6,           258,         110,    3730,            19,    75,      1,   15, 0.508391, 0.561432,            #
         8,           318,         150,    3399,            11,    73,      1,   15, 0.729434, 0.377157,            #
         6,           225,          95,    3785,            19,    75,      1,   18, 0.489321, 0.567871,            #
         4,           121,         110,    2660,            14,    73,      2,   24, 0.331210, 0.453637,            #
         6,           231,         110,    3039,            15,    75,      1,   21, 0.504592, 0.567373,            #
         6,           156,         122,    2807,     13.500000,    73,      3,   20, 0.491490, 0.581900,            #
         8,           262,         110,    3221,     13.500000,    75,      1,   20, 0.596256, 0.496135,            #
         8,           350,         180,    3664,            11,    73,      1,   11, 0.768075, 0.359913,            #
         8,           302,         129,    3169,            12,    75,      1,   13, 0.630006, 0.491140,            #
         6,           198,          95,    3102,     16.500000,    74,      1,   20, 0.476130, 0.572007,            #
         8,           307,         130,    3504,            12,    70,      1,   18, 0.642407, 0.485660,            #
         4,            97,          75,    2171,            16,    75,      3,   29, 0.272094, 0.579388,            #
         6,           200,           ?,    2875,            17,    74,      1,   21, 0.433318, 0.593617,            #
         8,           350,         165,    3693,     11.500000,    70,      1,   15, 0.688873, 0.475997,            #
         4,           140,          83,    2639,            17,    75,      1,   23, 0.365618, 0.524022,            #
         6,           232,         100,    2901,            16,    74,      1,   19, 0.487505, 0.569900,            #
         8,           318,         150,    3436,            11,    70,      1,   18, 0.663902, 0.484264,            #
         6,           250,         100,    3336,            17,    74,      1,   15, 0.499966, 0.564157,            #
         8,           304,         150,    3433,            12,    70,      1,   16, 0.652928, 0.481954,            #
         8,           302,         140,    3449,     10.500000,    70,      1,   17, 0.655597, 0.489276,            #
         8,           429,         198,    4341,            10,    70,      1,   15, 0.765746, 0.477344,            #
         8,           454,         220,    4354,             9,    70,      1,   14, 0.795513, 0.484994,            #
         8,           440,         215,    4312,      8.500000,    70,      1,   14, 0.789588, 0.485263,            #
         8,           455,         225,    4425,            10,    70,      1,   14, 0.794960, 0.482533,            #
         4,            98,          68,    2135,     16.600000,    78,      3, 29.5, 0.262703, 0.579032,            #
         6,           231,         115,    3245,     15.400000,    79,      1, 21.5, 0.511656, 0.563762,            #
         4,            97,          67,    1985,     16.400000,    77,      3,   30, 0.258453, 0.582257,            #
         6,           200,          85,    2990,     18.200000,    79,      1, 19.8, 0.455651, 0.575178,            #
         4,            97,          78,    2190,     14.100000,    77,      2, 30.5, 0.220266, 0.502835,            #
         6,           225,         100,    3651,     17.700000,    76,      1,   20, 0.497026, 0.565224,            #
         4,           140,          88,    2890,     17.300000,    79,      1, 22.3, 0.374684, 0.519947,            #
         6,           146,          97,    2815,     14.500000,    77,      3,   22, 0.398444, 0.632943,            #
         6,           250,          78,    3574,            21,    76,      1,   18, 0.466483, 0.575430,            #
         6,           232,          90,    3265,     18.200000,    79,      1, 20.2, 0.477566, 0.568822,            #
         4,           121,         110,    2600,     12.800000,    77,      2, 21.5, 0.270454, 0.503630,            #
         6,           250,         110,    3645,     16.200000,    76,      1, 18.5, 0.521257, 0.560859,            #
         6,           225,         110,    3360,     16.600000,    79,      1, 20.6, 0.502107, 0.563498,            #
         3,            80,         110,    2720,     13.500000,    77,      3, 21.5, 0.389821, 0.647122,            #
         6,           258,          95,    3193,     17.800000,    76,      1, 17.5, 0.489649, 0.566161,            #
         8,           305,         130,    3840,     15.400000,    79,      1,   17, 0.630088, 0.477943,            #
         4,            90,          48,    1985,     21.500000,    78,      2, 43.1, 0.143873, 0.483599,            #
         4,            97,          71,    1825,     12.200000,    76,      2, 29.5, 0.216669, 0.522896,            #
         4,            98,          66,    1800,     14.400000,    78,      1, 36.1, 0.331994, 0.559175,            #
         4,            85,          70,    1990,            17,    76,      3,   32, 0.252970, 0.581464,            #
         8,           302,         129,    3725,     13.400000,    79,      1, 17.6, 0.637821, 0.480905,            #
         4,            78,          52,    1985,     19.400000,    78,      3, 32.8, 0.222913, 0.581204,            #
         4,            97,          75,    2155,     16.400000,    76,      3,   28, 0.269041, 0.578235,            #
         8,           351,         138,    3955,     13.200000,    79,      1, 16.5, 0.667801, 0.475626,            #
         4,            85,          70,    2070,     18.600000,    78,      3, 39.4, 0.245112, 0.576383,            #
         4,           140,          72,    2565,     13.600000,    76,      1, 26.5, 0.377727, 0.539289,            #
         8,           318,         135,    3830,     15.200000,    79,      1, 18.2, 0.638618, 0.475961,            #
         4,            91,          60,    1800,     16.400000,    78,      3, 36.1, 0.246181, 0.587822,            #
         4,           130,         102,    3150,     15.700000,    76,      2,   20, 0.265871, 0.484755,            #
         8,           318,         150,    3940,     13.200000,    76,      1,   13, 0.665007, 0.473778,            #
         4,           141,          80,    3230,     20.400000,    81,      2, 28.1, 0.226620, 0.472361,            #
         6,           145,          76,    3160,     19.600000,    81,      2, 30.7, 0.294843, 0.560223,            #
         4,           120,          75,    2542,     17.500000,    80,      3, 31.3, 0.281003, 0.567859,            #
         6,           168,         116,    2900,     12.600000,    81,      3, 25.4, 0.433169, 0.633583,            #
         4,           119,          92,    2434,            15,    80,      3,   37, 0.305057, 0.574453,            #
         6,           146,         120,    2930,     13.800000,    81,      3, 24.2, 0.422083, 0.631673,            #
         4,           108,          75,    2265,     15.200000,    80,      3, 32.2, 0.283579, 0.579615,            #
         6,           231,         110,    3415,     15.800000,    81,      1, 22.4, 0.510820, 0.563346,            #
         4,            86,          65,    2110,     17.900000,    80,      3, 46.6, 0.247730, 0.578135,            #
         8,           350,         105,    3725,            19,    81,      1, 26.6, 0.600798, 0.492228,            #
         4,           156,         105,    2800,     14.400000,    80,      1, 27.9, 0.407269, 0.522491,            #
         6,           200,          88,    3060,     17.100000,    81,      1, 20.2, 0.466876, 0.573820,            #
         4,            85,          65,    2110,     19.200000,    80,      3, 40.8, 0.239061, 0.575771,            #
         6,           225,          85,    3465,     16.600000,    81,      1, 17.6, 0.488252, 0.570577,            #
         4,            90,          48,    2085,     21.700000,    80,      2, 44.3, 0.145611, 0.482330,            #
         4,           112,          88,    2605,     19.600000,    82,      1,   28, 0.275724, 0.438507,            #
         4,            90,          48,    2335,     23.700000,    80,      2, 43.4, 0.140322, 0.480823,            #
         4,           112,          88,    2640,     18.600000,    82,      1,   27, 0.283206, 0.439687,            #
         5,           121,          67,    2950,     19.900000,    80,      2, 36.4, 0.272790, 0.564302,            #
         4,           146,          67,    3250,     21.800000,    80,      2,   30, 0.210971, 0.473712,            #
         8,           318,         150,    3777,     12.500000,    73,      1,   15, 0.731225, 0.365558,            #
         8,           429,         198,    4952,     11.500000,    73,      1,   12, 0.907880, 0.049759,            #
         4,           122,          86,    2220,            14,    71,      1,   23, 0.368530, 0.542051,            #
         8,           400,         150,    4464,            12,    73,      1,   13, 0.781332, 0.355889,            #
         4,           116,          90,    2123,            14,    71,      2,   28, 0.233111, 0.501054,            #
         8,           390,         190,    3850,      8.500000,    70,      1,   15, 0.742662, 0.484711,            #
         8,           351,         158,    4363,            13,    73,      1,   13, 0.761692, 0.353349,            #
         4,            79,          70,    2074,     19.500000,    71,      2,   30, 0.170890, 0.483543,            #
         8,           383,         170,    3563,            10,    70,      1,   15, 0.708498, 0.482439,            #
         8,           318,         150,    4237,     14.500000,    73,      1,   14, 0.732284, 0.360237,            #
         4,            88,          76,    2065,     14.500000,    71,      2,   30, 0.209688, 0.503434,            #
         8,           340,         160,    3609,             8,    70,      1,   14, 0.702223, 0.493207,            #
         8,           440,         215,    4735,            11,    73,      1,   13, 0.852967, 0.344733,            #
         4,            71,          65,    1773,            19,    71,      3,   31, 0.225698, 0.583454,            #
         8,           400,         150,    3761,      9.500000,    70,      1,   15, 0.709489, 0.486233,            #
         8,           455,         225,    4951,            11,    73,      1,   12, 0.937737, 0.000968,            #
         4,            72,          69,    1613,            18,    71,      3,   35, 0.230328, 0.587806,            #
         8,           455,         225,    3086,            10,    70,      1,   14, 0.754484, 0.501809,            #
         8,           360,         175,    3821,            11,    73,      1,   13, 0.772601, 0.356825,            #
         4,            97,          60,    1834,            19,    71,      2,   27, 0.165771, 0.487366,            #
         4,           113,          95,    2372,            15,    70,      3,   24, 0.303314, 0.575713,            #
         6,           225,         105,    3121,     16.500000,    73,      1,   18, 0.558768, 0.500749,            #
         4,            91,          70,    1955,     20.500000,    71,      1,   26, 0.297993, 0.543304,            #
         6,           198,          95,    2833,     15.500000,    70,      1,   22, 0.474421, 0.576113,            #
         6,           232,         100,    2914,            16,    75,      1,   20, 0.487898, 0.569742,            #
         6,           250,         100,    3278,            18,    73,      1,   16, 0.558440, 0.498723,            #
         4,           113,          95,    2278,     15.500000,    72,      3,   24, 0.297261, 0.574954,            #
         6,           199,          97,    2774,     15.500000,    70,      1,   18, 0.474319, 0.576215,            #
         4,           140,          78,    2592,     18.500000,    75,      1,   23, 0.351157, 0.523787,            #
         4,            79,          67,    1950,            19,    74,      3,   31, 0.234960, 0.578887,            #
         4,     97.500000,          80,    2126,            17,    72,      1,   25, 0.334526, 0.539971,            #
         6,           200,          85,    2587,            16,    70,      1,   21, 0.457599, 0.581663,            #
         4,           134,          96,    2702,     13.500000,    75,      3,   24, 0.330297, 0.576238,            #
         4,           122,          80,    2451,     16.500000,    74,      1,   26, 0.355368, 0.531247,            #
         4,            97,          88,    2130,     14.500000,    70,      3,   27, 0.289344, 0.584161,            #
         4,            90,          71,    2223,     16.500000,    75,      2,   25, 0.198850, 0.490894,            #
         4,            71,          65,    1836,            21,    74,      3,   32, 0.214756, 0.580238,            #
         4,           119,          97,    2545,            17,    75,      3,   24, 0.298972, 0.566399,            #
         4,           140,          75,    2542,            17,    74,      1,   25, 0.357237, 0.527413,            #
         6,           171,          97,    2984,     14.500000,    75,      1,   18, 0.478168, 0.579577,            #
         6,           250,         100,    3781,            17,    74,      1,   16, 0.513418, 0.563398,            #
         4,            90,          70,    1937,            14,    75,      2,   29, 0.205581, 0.509029,            #
         6,           258,         110,    3632,            18,    74,      1,   16, 0.511851, 0.560378,            #
         6,           232,          90,    3211,            17,    75,      1,   19, 0.483641, 0.569172,            #
         6,           225,         105,    3613,     16.500000,    74,      1,   18, 0.506991, 0.564059,            #
         4,           115,          95,    2694,            15,    75,      2,   23, 0.247036, 0.489983,            #
         8,           302,         140,    4141,            14,    74,      1,   16, 0.654034, 0.475715,            #
         4,           120,          88,    2957,            17,    75,      2,   23, 0.238965, 0.480183,            #
         8,           350,         150,    4699,     14.500000,    74,      1,   13, 0.689796, 0.473877,            #
         8,           318,         150,    4457,     13.500000,    74,      1,   14, 0.678708, 0.473875,            #
         8,           350,         155,    4360,     14.900000,    79,      1, 16.9, 0.680385, 0.470436,            #
         8,           351,         142,    4054,     14.300000,    79,      1, 15.5, 0.666453, 0.473049,            #
         8,           260,         110,    3365,     15.500000,    78,      1, 19.9, 0.587125, 0.491814,            #
         8,           267,         125,    3605,            15,    79,      1, 19.2, 0.610039, 0.484072,            #
         8,           318,         140,    3735,     13.200000,    78,      1, 19.4, 0.651998, 0.477175,            #
         4,           120,          88,    3270,     21.900000,    76,      2,   19, 0.216953, 0.473757,            #
         8,           360,         150,    3940,            13,    79,      1, 18.5, 0.679674, 0.473019,            #
         8,           302,         139,    3570,     12.800000,    78,      1, 20.2, 0.643800, 0.480672,            #
         6,           156,         108,    2930,     15.500000,    76,      3,   19, 0.406176, 0.626587,            #
         4,            89,          71,    1925,            14,    79,      2, 31.9, 0.205581, 0.509223,            #
         6,           231,         105,    3535,     19.200000,    78,      1, 19.2, 0.489203, 0.564614,            #
         6,           168,         120,    3820,     16.700000,    76,      2, 16.5, 0.370720, 0.561415,            #
         4,            86,          65,    1975,     15.200000,    79,      3, 34.1, 0.260991, 0.589053,            #
         6,           200,          95,    3155,     18.200000,    78,      1, 20.5, 0.467450, 0.570850,            #
         8,           350,         180,    4380,     12.100000,    76,      1, 16.5, 0.716003, 0.470452,            #
         4,            98,          80,    1915,     14.400000,    79,      1, 35.7, 0.345007, 0.552637,            #
         6,           200,          85,    2965,     15.800000,    78,      1, 20.2, 0.470311, 0.577050,            #
         8,           350,         145,    4055,            12,    76,      1,   13, 0.682981, 0.475858,            #
         4,           121,          80,    2670,            15,    79,      1, 27.4, 0.371304, 0.533156,            #
         4,           140,          88,    2720,     15.400000,    78,      1, 25.1, 0.381750, 0.525908,            #
         8,           302,         130,    3870,            15,    76,      1,   13, 0.632608, 0.478105,            #
         5,           183,          77,    3530,     20.100000,    79,      2, 25.4, 0.315605, 0.559050,            #
         6,           225,         100,    3430,     17.200000,    78,      1, 20.5, 0.493557, 0.565523,            #
         8,           318,         150,    3755,            14,    76,      1,   13, 0.654276, 0.473754,            #
         8,           350,         125,    3900,     17.400000,    79,      1,   23, 0.629988, 0.480264,            #
         6,           232,          90,    3210,     17.200000,    78,      1, 19.4, 0.482326, 0.569102,            #
         4,            98,          68,    2045,     18.500000,    77,      3, 31.5, 0.247778, 0.575417,            #
         6,           231,         105,    3380,     15.800000,    78,      1, 20.6, 0.506356, 0.564764,            #
         4,           111,          80,    2155,     14.800000,    77,      1,   30, 0.353835, 0.543507,            #
         4,            79,          58,    1825,     18.600000,    77,      2,   36, 0.160970, 0.491295,            #
         4,           112,          88,    2395,            18,    82,      1,   34, 0.279653, 0.443581,            #
         4,           112,          85,    2575,     16.200000,    82,      1,   31, 0.294613, 0.447941,            #
         4,            91,          67,    1850,     13.800000,    80,      3, 44.6, 0.269161, 0.596539,            #
         4,           135,          84,    2525,            16,    82,      1,   29, 0.301033, 0.445745,            #
         4,            85,           ?,    1835,     17.300000,    80,      2, 40.9, 0.163361, 0.498038,            #
         4,           151,          90,    2735,            18,    82,      1,   27, 0.303720, 0.434154,            #
         4,            97,          67,    2145,            18,    80,      3, 33.8, 0.253013, 0.575421,            #
         4,           140,          92,    2865,     16.400000,    82,      1,   24, 0.315784, 0.439248,            #
         4,            89,          62,    1845,     15.300000,    80,      2, 29.8, 0.188682, 0.503928,            #
         4,           151,           ?,    3035,     20.500000,    82,      1,   23, 0.266761, 0.443937,            #
         6,           168,         132,    2910,     11.400000,    80,      3, 32.7, 0.452078, 0.637765,            #
         4,           105,          74,    1980,     15.300000,    82,      2,   36, 0.139385, 0.382025,            #
         3,            70,         100,    2420,     12.500000,    80,      3, 23.7, 0.377178, 0.657678,            #
         4,            91,          68,    2025,     18.200000,    82,      3,   37, 0.180220, 0.486567,            #
         4,           122,          88,    2500,     15.100000,    80,      2,   35, 0.237991, 0.489911,            #
         4,            91,          68,    1970,     17.600000,    82,      3,   31, 0.182412, 0.489551,            #
         4,           140,           ?,    2905,     14.300000,    80,      1, 23.6, 0.365799, 0.543956,            #
         4,           105,          63,    2125,     14.700000,    82,      1,   38, 0.273429, 0.468128,            #
         4,           107,          72,    2290,            17,    80,      3, 32.4, 0.270411, 0.573826,            #
         4,           135,          84,    2490,     15.700000,    81,      1, 27.2, 0.368552, 0.529659,            #
         4,            97,          54,    2254,     23.500000,    72,      2,   23, 0.145476, 0.479105,            #
         4,           140,          90,    2408,     19.500000,    72,      1,   20, 0.347345, 0.522993,            #
         4,            97,          46,    1835,     20.500000,    70,      2,   26, 0.146630, 0.486777,            #
         4,           122,          86,    2226,     16.500000,    72,      1,   21, 0.352653, 0.533456,            #
         4,           110,          87,    2672,     17.500000,    70,      2,   25, 0.223270, 0.479679,            #
         8,           350,         165,    4274,            12,    72,      1,   13, 0.703224, 0.471748,            #
         4,           107,          90,    2430,     14.500000,    70,      2,   24, 0.236312, 0.495636,            #
         8,           400,         175,    4385,            12,    72,      1,   14, 0.729323, 0.471149,            #
         4,           104,          95,    2375,     17.500000,    70,      2,   25, 0.217830, 0.482024,            #
         8,           318,         150,    4135,     13.500000,    72,      1,   15, 0.668974, 0.472926,            #
         4,           121,         113,    2234,     12.500000,    70,      2,   26, 0.263361, 0.509717,            #
         8,           351,         153,    4129,            13,    72,      1,   14, 0.684563, 0.471839,            #
         6,           199,          90,    2648,            15,    70,      1,   21, 0.468954, 0.581042,            #
         8,           304,         150,    3672,     11.500000,    72,      1,   17, 0.663364, 0.480694,            #
         8,           360,         215,    4615,            14,    70,      1,   10, 0.737929, 0.472334,            #
         4,           121,          98,    2945,     14.500000,    75,      2,   22, 0.261790, 0.491541,            #
         8,           429,         208,    4633,            11,    72,      1,   11, 0.774961, 0.475554,            #
         8,           307,         200,    4376,            15,    70,      1,   10, 0.697177, 0.472365,            #
         4,           121,         115,    2671,     13.500000,    75,      2,   25, 0.271510, 0.498925,            #
         8,           302,         140,    4638,            16,    74,      1,   14, 0.656212, 0.478554,            #
         8,           350,         155,    4502,     13.500000,    72,      1,   13, 0.693670, 0.471719,            #
         8,           318,         210,    4382,     13.500000,    70,      1,   11, 0.717309, 0.473212,            #
         4,            91,          53,    1795,     17.500000,    75,      3,   33, 0.234196, 0.586208,            #
         8,           304,         150,    4257,     15.500000,    74,      1,   14, 0.655355, 0.473146,            #
         6,           232,         100,    2945,            16,    73,      1,   18, 0.555485, 0.504564,            #
         8,           304,         193,    4732,     18.500000,    70,      1,    9, 0.679733, 0.481290,            #
         4,           107,          86,    2464,     15.500000,    76,      2,   28, 0.228192, 0.489976,            #
         4,            98,          83,    2219,     16.500000,    74,      2,   29, 0.209452, 0.488688,            #
         6,           250,          88,    3021,     16.500000,    73,      1,   18, 0.552132, 0.506466,            #
         4,           116,          81,    2220,     16.900000,    76,      2,   25, 0.211286, 0.484876,            #
         4,            79,          67,    1963,     15.500000,    74,      2,   26, 0.191184, 0.501503,            #
         6,           198,          95,    2904,            16,    73,      1,   23, 0.540006, 0.512357,            #
         4,           140,          92,    2572,     14.900000,    76,      1,   25, 0.383212, 0.528425,            #
         4,            97,          78,    2300,     14.500000,    74,      2,   26, 0.221022, 0.499113,            #
         4,            97,          46,    1950,            21,    73,      2,   26, 0.213545, 0.458908,            #
         4,            98,          79,    2255,     17.700000,    76,      1,   26, 0.333407, 0.536447,            #
         4,            76,          52,    1649,     16.500000,    74,      3,   31, 0.230746, 0.594565,            #
         8,           400,         150,    4997,            14,    73,      1,   11, 0.784597, 0.358955,            #
         4,           101,          83,    2202,     15.300000,    76,      2,   27, 0.217601, 0.494539,            #
         4,            83,          61,    2003,            19,    74,      3,   32, 0.233749, 0.578684,            #
         8,           400,         167,    4906,     12.500000,    73,      1,   12, 0.869711, 0.106466,            #
         8,           305,         140,    4215,            13,    76,      1, 17.5, 0.663650, 0.477018,            #
         4,            90,          75,    2125,     14.500000,    74,      1,   28, 0.344758, 0.550741,            #
         8,           360,         170,    4654,            13,    73,      1,   13, 0.781530, 0.349226,            #
         8,           318,         150,    4190,            13,    76,      1,   16, 0.673848, 0.473695,            #
         4,            90,          75,    2108,     15.500000,    74,      2,   24, 0.204521, 0.496835,            #
         8,           350,         180,    4499,     12.500000,    73,      1,   12, 0.850331, 0.109948,            #
         4,           116,          75,    2246,            14,    74,      2,   26, 0.226612, 0.500799,            #
         6,           232,         100,    2789,            15,    73,      1,   18, 0.557192, 0.508365,            #
         4,            97,          88,    2279,            19,    73,      3,   20, 0.331594, 0.532862,            #
         6,           200,          85,    3070,     16.700000,    78,      1, 20.8, 0.467704, 0.575020,            #
         6,           225,         110,    3620,     18.700000,    78,      1, 18.6, 0.496478, 0.563321,            #
         4,           122,          96,    2300,     15.500000,    77,      1, 25.5, 0.368125, 0.533029,            #
         6,           258,         120,    3410,     15.100000,    78,      1, 18.1, 0.530579, 0.560023,            #
         4,            85,          70,    1945,     16.800000,    77,      3, 33.5, 0.252895, 0.582795,            #
         8,           305,         145,    3425,     13.200000,    78,      1, 19.2, 0.641891, 0.480028,            #
         8,           305,         145,    3880,     12.500000,    77,      1, 17.5, 0.660141, 0.477359,            #
         6,           231,         165,    3445,     13.400000,    78,      1, 17.7, 0.564605, 0.562391,            #
         8,           260,         110,    4060,            19,    77,      1,   17, 0.585653, 0.492873,            #
         8,           302,         139,    3205,     11.200000,    78,      1, 18.1, 0.643044, 0.490562,            #
         8,           318,         145,    4140,     13.700000,    77,      1, 15.5, 0.664435, 0.473750,            #
         8,           318,         140,    4080,     13.700000,    78,      1, 17.5, 0.659216, 0.474993,            #
         8,           302,         130,    4295,     14.900000,    77,      1,   15, 0.646097, 0.478400,            #
         4,            98,          68,    2155,     16.500000,    78,      1,   30, 0.330599, 0.543796,            #
         6,           250,         110,    3520,     16.400000,    77,      1, 17.5, 0.516194, 0.560978,            #
         4,           134,          95,    2560,     14.200000,    78,      3, 27.5, 0.320827, 0.574282,            #
         6,           231,         105,    3425,     16.900000,    77,      1, 20.5, 0.500651, 0.563752,            #
         4,           119,          97,    2300,     14.700000,    78,      3, 27.2, 0.306339, 0.576831,            #
         6,           225,         100,    3630,     17.700000,    77,      1,   19, 0.496392, 0.565218,            #
         6,           250,          98,    3525,            19,    77,      1, 18.5, 0.491471, 0.565022,            #
         4,            98,          70,    2125,     17.300000,    82,      1,   36, 0.259266, 0.455609,            #
         4,           120,          88,    2160,     14.500000,    82,      3,   36, 0.230930, 0.497077,            #
         4,           151,          84,    2635,     16.400000,    81,      1, 26.6, 0.373537, 0.523475,            #
         4,           107,          75,    2205,     14.500000,    82,      3,   36, 0.219293, 0.499182,            #
         4,           141,          71,    3190,     24.800000,    79,      2, 27.2, 0.191019, 0.477251,            #
         4,           156,          92,    2620,     14.400000,    81,      1, 25.8, 0.392972, 0.527139,            #
         4,           108,          70,    2245,     16.900000,    82,      3,   34, 0.202000, 0.486708,            #
         8,           260,          90,    3420,     22.200000,    79,      1, 23.9, 0.532130, 0.513436,            #
         6,           173,         110,    2725,     12.600000,    81,      1, 23.5, 0.492035, 0.585214,            #
         4,            91,          67,    1965,            15,    82,      3,   38, 0.198280, 0.502629,            #
         4,           105,          70,    2200,     13.200000,    79,      1, 34.2, 0.356749, 0.553703,            #
         4,           135,          84,    2385,     12.900000,    81,      1,   30, 0.383363, 0.542493,            #
         4,            91,          67,    1965,     15.700000,    82,      3,   32, 0.193783, 0.498662,            #
         4,           105,          70,    2150,     14.900000,    79,      1, 34.5, 0.344318, 0.547147,            #
         4,            79,          58,    1755,     16.900000,    81,      3, 39.1, 0.236423, 0.589219,            #
         4,            91,          67,    1995,     16.200000,    82,      3,   38, 0.191479, 0.495611,            #
         4,            85,          65,    2020,     19.200000,    79,      3, 31.8, 0.236340, 0.576995,            #
         4,            86,          64,    1875,     16.400000,    81,      1,   39, 0.316229, 0.553231,            #
         6,           181,         110,    2945,     16.400000,    82,      1,   25, 0.410177, 0.511389,            #
         4,            91,          69,    2130,     14.700000,    79,      2, 37.3, 0.206556, 0.501835,            #
         4,            81,          60,    1760,     16.100000,    81,      3, 35.1, 0.243713, 0.591125,            #
         6,           262,          85,    3015,            17,    82,      1,   38, 0.417220, 0.511001,            #
         4,           151,          90,    2670,            16,    79,      1, 28.4, 0.381251, 0.522588,            #
         4,            97,          67,    2065,     17.800000,    81,      3, 32.3, 0.251879, 0.576983,            #
         4,           156,          92,    2585,     14.500000,    82,      1,   26, 0.324622, 0.447987,            #
         4,            85,          65,    1975,     19.400000,    81,      3,   37, 0.233696, 0.577363,            #
         6,           173,         115,    2595,     11.300000,    79,      1, 28.8, 0.499861, 0.591716,            #
         4,            89,          62,    2050,     17.300000,    81,      3, 37.7, 0.248682, 0.580728,            #
         6,           173,         115,    2700,     12.900000,    79,      1, 26.8, 0.492758, 0.583571,            #
         4,           151,          90,    2556,     13.200000,    79,      1, 33.5, 0.395790, 0.534318,            #
         8,           350,         160,    4456,     13.500000,    72,      1,   12, 0.762335, 0.352514,            #
         8,           400,         190,    4422,     12.500000,    72,      1,   13, 0.737447, 0.469830,            #
         4,            97,          88,    2130,     14.500000,    71,      3,   27, 0.289344, 0.584161,            #
         3,            70,          97,    2330,     13.500000,    72,      3,   19, 0.365990, 0.655062,            #
         4,           140,          90,    2264,     15.500000,    71,      1,   28, 0.368685, 0.531791,            #
         8,           304,         150,    3892,     12.500000,    72,      1,   15, 0.663591, 0.476349,            #
         4,           113,          95,    2228,            14,    71,      3,   25, 0.305385, 0.581928,            #
         8,           307,         130,    4098,            14,    72,      1,   13, 0.647516, 0.478197,            #
         4,            98,           ?,    2046,            19,    71,      1,   25, 0.296261, 0.548929,            #
         8,           302,         140,    4294,            16,    72,      1,   13, 0.645813, 0.475819,            #
         6,           232,         100,    2634,            13,    71,      1,   19, 0.498703, 0.580655,            #
         8,           318,         150,    4077,            14,    72,      1,   14, 0.664009, 0.472407,            #
         6,           225,         105,    3439,     15.500000,    71,      1,   16, 0.508155, 0.565436,            #
         4,           121,         112,    2933,     14.500000,    72,      2,   18, 0.270963, 0.491945,            #
         6,           250,         100,    3329,     15.500000,    71,      1,   17, 0.509390, 0.565409,            #
         8,           304,         120,    3962,     13.900000,    76,      1, 15.5, 0.636280, 0.482092,            #
         4,           121,          76,    2511,            18,    72,      2,   22, 0.211204, 0.478279,            #
         6,           250,          88,    3302,     15.500000,    71,      1,   19, 0.500400, 0.569562,            #
         8,           351,         152,    4215,     12.800000,    76,      1, 14.5, 0.687766, 0.472330,            #
         4,           120,          97,    2489,            15,    74,      3,   24, 0.310444, 0.573284,            #
         4,           120,          87,    2979,     19.500000,    72,      2,   21, 0.222890, 0.473336,            #
         6,           232,         100,    3288,     15.500000,    71,      1,   18, 0.502415, 0.566963,            #
         6,           225,         100,    3233,     15.400000,    76,      1,   22, 0.499164, 0.568091,            #
         4,           108,          93,    2391,     15.500000,    74,      3,   26, 0.297722, 0.574482,            #
         4,           140,          72,    2401,     19.500000,    73,      1,   21, 0.401523, 0.478599,            #
         8,           350,         165,    4209,            12,    71,      1,   14, 0.701259, 0.471749,            #
         6,           250,         105,    3353,     14.500000,    76,      1,   22, 0.519944, 0.565487,            #
         4,            79,          67,    2000,            16,    74,      2,   31, 0.189091, 0.498268,            #
         4,           108,          94,    2379,     16.500000,    73,      3,   22, 0.358267, 0.531921,            #
         6,           200,          81,    3012,     17.600000,    76,      1,   24, 0.457445, 0.576387,            #
         6,           225,          95,    3264,            16,    75,      1,   19, 0.492842, 0.568582,            #
         3,            70,          90,    2124,     13.500000,    73,      3,   18, 0.421645, 0.618647,            #
         6,           232,          90,    3085,     17.600000,    76,      1, 22.5, 0.475978, 0.569959,            #
         6,           250,         105,    3459,            16,    75,      1,   18, 0.513513, 0.562776,            #
         4,           122,          85,    2310,     18.500000,    73,      1,   19, 0.408315, 0.479194,            #
         4,            85,          52,    2035,     22.200000,    76,      1,   29, 0.275319, 0.549510,            #
         6,           250,          72,    3432,            21,    75,      1,   15, 0.458104, 0.577866,            #
         6,           155,         107,    2472,            14,    73,      1,   21, 0.534266, 0.528653,            #
         4,            98,          60,    2164,     22.100000,    76,      1, 24.5, 0.289453, 0.542433,            #
         6,           250,          72,    3158,     19.500000,    75,      1,   15, 0.459456, 0.576241,            #
         4,            98,          90,    2265,     15.500000,    73,      2,   26, 0.288683, 0.457004,            #
         4,            90,          70,    1937,     14.200000,    76,      2,   29, 0.204296, 0.507717,            #
         8,           400,         170,    4668,     11.500000,    75,      1,   16, 0.737683, 0.473907,            #
         8,           350,         145,    4082,            13,    73,      1,   15, 0.744024, 0.360093,            #
         4,            91,          53,    1795,     17.400000,    76,      3,   33, 0.234839, 0.586491,            #
         8,           350,         145,    4440,            14,    75,      1,   15, 0.681773, 0.473206,            #
         8,           400,         230,    4278,      9.500000,    73,      1,   16, 0.846259, 0.353267,            #
         8,           318,         150,    4498,     14.500000,    75,      1,   16, 0.673524, 0.473405,            #
         4,            68,          49,    1867,     19.500000,    73,      2,   29, 0.213473, 0.466239,            #
         4,           116,          75,    2158,     15.500000,    73,      2,   24, 0.280967, 0.458252,            #
         4,           105,          75,    2230,     14.500000,    78,      1, 30.9, 0.352711, 0.545784,            #
         4,           134,          95,    2515,     14.800000,    78,      3, 21.1, 0.315613, 0.572173,            #
         8,           400,         180,    4220,     11.100000,    77,      1,   16, 0.733521, 0.472940,            #
         4,           156,         105,    2745,     16.700000,    78,      1, 23.2, 0.390833, 0.516689,            #
         8,           350,         170,    4165,     11.400000,    77,      1, 15.5, 0.707189, 0.472755,            #
         4,           151,          85,    2855,     17.600000,    78,      1, 23.8, 0.373161, 0.518834,            #
         8,           400,         190,    4325,     12.200000,    77,      1, 15.5, 0.736441, 0.470217,            #
         4,           119,          97,    2405,     14.900000,    78,      3, 23.9, 0.308228, 0.574723,            #
         8,           351,         149,    4335,     14.500000,    77,      1,   16, 0.678431, 0.471542,            #
         5,           131,         103,    2830,     15.900000,    78,      2, 20.3, 0.322563, 0.565656,            #
         4,            97,          78,    1940,     14.500000,    77,      2,   29, 0.210140, 0.503864,            #
         6,           163,         125,    3140,     13.600000,    78,      2,   17, 0.371888, 0.569078,            #
         4,           151,          88,    2740,            16,    77,      1, 24.5, 0.382005, 0.522289,            #
         4,           121,         115,    2795,     15.700000,    78,      2, 21.6, 0.261127, 0.486284,            #
         4,            97,          75,    2265,     18.200000,    77,      3,   26, 0.260805, 0.572064,            #
         6,           163,         133,    3410,     15.800000,    78,      2, 16.2, 0.371368, 0.561877,            #
         4,           140,          89,    2755,     15.800000,    77,      1, 25.5, 0.380919, 0.524138,            #
         4,            89,          71,    1990,     14.900000,    78,      2, 31.5, 0.201765, 0.502539,            #
         4,            98,          63,    2051,            17,    77,      1, 30.5, 0.320838, 0.546035,            #
         4,            98,          83,    2075,     15.900000,    77,      1, 33.5, 0.342252, 0.543107,            #
         6,           232,         112,    2835,     14.700000,    82,      1,   22, 0.435384, 0.512196,            #
         4,           144,          96,    2665,     13.900000,    82,      3,   32, 0.263146, 0.493283,            #
         4,            91,          68,    1985,            16,    81,      3, 34.1, 0.259792, 0.584338,            #
         4,           135,          84,    2370,            13,    82,      1,   36, 0.315618, 0.464268,            #
         4,           105,          63,    2215,     14.900000,    81,      1, 34.7, 0.341515, 0.548280,            #
         4,            98,          76,    2144,     14.700000,    80,      2, 41.5, 0.213978, 0.499750,            #
         4,           151,          90,    2950,     17.300000,    82,      1,   27, 0.314716, 0.434830,            #
         4,            98,          65,    2045,     16.200000,    81,      1, 34.4, 0.327158, 0.547645,            #
         4,            89,          60,    1968,     18.800000,    80,      3, 38.1, 0.235207, 0.578904,            #
         4,           140,          86,    2790,     15.600000,    82,      1,   27, 0.314569, 0.443969,            #
         4,            98,          65,    2380,     20.700000,    81,      1, 29.9, 0.308380, 0.536555,            #
         4,            98,          70,    2120,     15.500000,    80,      1, 32.1, 0.337327, 0.546886,            #
         4,            97,          52,    2130,     24.600000,    82,      2,   44,        0,        0,            #
         4,           105,          74,    2190,     14.200000,    81,      2,   33, 0.219448, 0.501619,            #
         4,            86,          65,    2019,     16.400000,    80,      3, 37.2, 0.254614, 0.583781,            #
         4,           135,          84,    2295,     11.600000,    82,      1,   32, 0.322343, 0.475607,            #
         4,           100,           ?,    2320,     15.800000,    81,      2, 34.5, 0.192436, 0.497764,            #
         4,           151,          90,    2678,     16.500000,    80,      1,   28, 0.378282, 0.521290,            #
         4,           120,          79,    2625,     18.600000,    82,      1,   28, 0.279171, 0.440003,            #
         4,           107,          75,    2210,     14.400000,    81,      3, 33.7, 0.286736, 0.583919,            #
         4,           140,          88,    2870,     18.100000,    80,      1, 26.4, 0.368941, 0.519062,            #
         4,           119,          82,    2720,     19.400000,    82,      1,   31, 0.278629, 0.437683,            #
         4,           108,          75,    2350,     16.800000,    81,      3, 32.4, 0.275872, 0.573045,            #
         4,           151,          90,    3003,     20.100000,    80,      1, 24.3, 0.364983, 0.515926,            #
         4,           119,         100,    2615,     14.800000,    81,      3, 32.9, 0.317262, 0.572847,            #
         6,           225,          90,    3381,     18.700000,    80,      1, 19.1, 0.475630, 0.569144,            #
         4,           120,          74,    2635,     18.300000,    81,      3, 31.6, 0.277994, 0.565763,            #
         4,            97,          78,    2188,     15.800000,    80,      2, 34.3, 0.209286, 0.492977,            #
         4,           134,          90,    2711,     15.500000,    80,      3, 29.8, 0.313636, 0.568484,            #
